---PIF---
start --- -1
( --- -1
) --- -1
: --- -1
Integer --- -1
{ --- -1
i, --- 48
n --- 39
; --- -1
Boolean --- -1
is_prime --- 35
= --- -1
true --- 4
read --- -1
if --- -1
0 --- 27
|| --- -1
1 --- 13
false --- 28
} --- -1
else --- -1
for --- -1
i --- 25
2 --- 11
< --- -1
/ --- -1
+ --- -1
% --- -1
break --- -1
print --- 32
" --- -1
prime number  --- 46
not a prime number  --- 6
return --- -1

---Symbol Table--- (hashtable)
4. ['true']
6. ['not a prime number ']
11. ['2']
13. ['1']
25. ['i']
27. ['0']
28. ['false']
32. ['print']
35. ['is_prime']
39. ['n']
46. ['prime number ']
48. ['i,']
